C:\DOCUMENTS AND SETTINGS\Администратор\Рабочий стол\SINTETIC\PELIB\RELEASE\BOUNDIMPORTDIRECTORY.OBJ
C:\Documents and Settings\Администратор\Рабочий стол\Sintetic\PeLib\Release\cl.command.1.tlog
C:\Documents and Settings\Администратор\Рабочий стол\Sintetic\PeLib\Release\CL.read.1.tlog
C:\Documents and Settings\Администратор\Рабочий стол\Sintetic\PeLib\Release\CL.write.1.tlog
C:\DOCUMENTS AND SETTINGS\Администратор\Рабочий стол\SINTETIC\PELIB\RELEASE\COMHEADERDIRECTORY.OBJ
C:\DOCUMENTS AND SETTINGS\Администратор\Рабочий стол\SINTETIC\PELIB\RELEASE\DEBUGDIRECTORY.OBJ
C:\DOCUMENTS AND SETTINGS\Администратор\Рабочий стол\SINTETIC\PELIB\RELEASE\EXPORTDIRECTORY.OBJ
C:\DOCUMENTS AND SETTINGS\Администратор\Рабочий стол\SINTETIC\PELIB\RELEASE\IATDIRECTORY.OBJ
C:\DOCUMENTS AND SETTINGS\Администратор\Рабочий стол\SINTETIC\PELIB\RELEASE\INPUTBUFFER.OBJ
C:\Documents and Settings\Администратор\Рабочий стол\Sintetic\PeLib\Release\lib.command.1.tlog
C:\Documents and Settings\Администратор\Рабочий стол\Sintetic\PeLib\Release\Lib-link.read.1.tlog
C:\Documents and Settings\Администратор\Рабочий стол\Sintetic\PeLib\Release\Lib-link.write.1.tlog
C:\DOCUMENTS AND SETTINGS\Администратор\Рабочий стол\SINTETIC\PELIB\RELEASE\MZHEADER.OBJ
C:\DOCUMENTS AND SETTINGS\Администратор\Рабочий стол\SINTETIC\PELIB\RELEASE\OUTPUTBUFFER.OBJ
C:\DOCUMENTS AND SETTINGS\Администратор\Рабочий стол\SINTETIC\PELIB\RELEASE\PEFILE.OBJ
C:\DOCUMENTS AND SETTINGS\Администратор\Рабочий стол\SINTETIC\PELIB\RELEASE\PEHEADER.OBJ
C:\DOCUMENTS AND SETTINGS\Администратор\Рабочий стол\SINTETIC\PELIB\RELEASE\PELIBAUX.OBJ
C:\DOCUMENTS AND SETTINGS\Администратор\Рабочий стол\SINTETIC\PELIB\RELEASE\RELOCATIONSDIRECTORY.OBJ
C:\DOCUMENTS AND SETTINGS\Администратор\Рабочий стол\SINTETIC\PELIB\RELEASE\RESOURCEDIRECTORY.OBJ
C:\DOCUMENTS AND SETTINGS\АДМИНИСТРАТОР\РАБОЧИЙ СТОЛ\SINTETIC\PELIB\RELEASE\VC100.PDB
