C:\DOCUMENTS AND SETTINGS\Администратор\Рабочий стол\SINTETIC\PELIB\RELEASE\BOUNDIMPORTDIRECTORY.OBJ
C:\DOCUMENTS AND SETTINGS\Администратор\Рабочий стол\SINTETIC\PELIB\RELEASE\COMHEADERDIRECTORY.OBJ
C:\DOCUMENTS AND SETTINGS\Администратор\Рабочий стол\SINTETIC\PELIB\RELEASE\DEBUGDIRECTORY.OBJ
C:\DOCUMENTS AND SETTINGS\Администратор\Рабочий стол\SINTETIC\PELIB\RELEASE\EXPORTDIRECTORY.OBJ
C:\DOCUMENTS AND SETTINGS\Администратор\Рабочий стол\SINTETIC\PELIB\RELEASE\IATDIRECTORY.OBJ
C:\DOCUMENTS AND SETTINGS\Администратор\Рабочий стол\SINTETIC\PELIB\RELEASE\INPUTBUFFER.OBJ
C:\DOCUMENTS AND SETTINGS\Администратор\Рабочий стол\SINTETIC\PELIB\RELEASE\MZHEADER.OBJ
C:\DOCUMENTS AND SETTINGS\Администратор\Рабочий стол\SINTETIC\PELIB\RELEASE\OUTPUTBUFFER.OBJ
C:\DOCUMENTS AND SETTINGS\Администратор\Рабочий стол\SINTETIC\PELIB\RELEASE\PEFILE.OBJ
C:\DOCUMENTS AND SETTINGS\Администратор\Рабочий стол\SINTETIC\PELIB\RELEASE\PEHEADER.OBJ
C:\DOCUMENTS AND SETTINGS\Администратор\Рабочий стол\SINTETIC\PELIB\RELEASE\PELIBAUX.OBJ
C:\DOCUMENTS AND SETTINGS\Администратор\Рабочий стол\SINTETIC\PELIB\RELEASE\RELOCATIONSDIRECTORY.OBJ
C:\DOCUMENTS AND SETTINGS\Администратор\Рабочий стол\SINTETIC\PELIB\RELEASE\RESOURCEDIRECTORY.OBJ
C:\DOCUMENTS AND SETTINGS\АДМИНИСТРАТОР\РАБОЧИЙ СТОЛ\SINTETIC\PELIB\RELEASE\VC100.PDB
C:\DOCUMENTS AND SETTINGS\Администратор\Рабочий стол\SINTETIC\RELEASE\PELIB.LIB
E:\DOCS!!!\MyProg\FREELANCE\CURRENT\GeneratorExe\PELib_WORKED\PeLib\Release\BoundImportDirectory.obj
E:\DOCS!!!\MyProg\FREELANCE\CURRENT\GeneratorExe\PELib_WORKED\PeLib\Release\cl.command.1.tlog
E:\DOCS!!!\MyProg\FREELANCE\CURRENT\GeneratorExe\PELib_WORKED\PeLib\Release\CL.read.1.tlog
E:\DOCS!!!\MyProg\FREELANCE\CURRENT\GeneratorExe\PELib_WORKED\PeLib\Release\CL.write.1.tlog
E:\DOCS!!!\MyProg\FREELANCE\CURRENT\GeneratorExe\PELib_WORKED\PeLib\Release\ComHeaderDirectory.obj
E:\DOCS!!!\MyProg\FREELANCE\CURRENT\GeneratorExe\PELib_WORKED\PeLib\Release\DebugDirectory.obj
E:\DOCS!!!\MyProg\FREELANCE\CURRENT\GeneratorExe\PELib_WORKED\PeLib\Release\ExportDirectory.obj
E:\DOCS!!!\MyProg\FREELANCE\CURRENT\GeneratorExe\PELib_WORKED\PeLib\Release\IatDirectory.obj
E:\DOCS!!!\MyProg\FREELANCE\CURRENT\GeneratorExe\PELib_WORKED\PeLib\Release\InputBuffer.obj
E:\DOCS!!!\MyProg\FREELANCE\CURRENT\GeneratorExe\PELib_WORKED\PeLib\Release\lib.command.1.tlog
E:\DOCS!!!\MyProg\FREELANCE\CURRENT\GeneratorExe\PELib_WORKED\PeLib\Release\Lib-link.read.1.tlog
E:\DOCS!!!\MyProg\FREELANCE\CURRENT\GeneratorExe\PELib_WORKED\PeLib\Release\Lib-link.write.1.tlog
E:\DOCS!!!\MyProg\FREELANCE\CURRENT\GeneratorExe\PELib_WORKED\PeLib\Release\MzHeader.obj
E:\DOCS!!!\MyProg\FREELANCE\CURRENT\GeneratorExe\PELib_WORKED\PeLib\Release\OutputBuffer.obj
E:\DOCS!!!\MyProg\FREELANCE\CURRENT\GeneratorExe\PELib_WORKED\PeLib\Release\PeFile.obj
E:\DOCS!!!\MyProg\FREELANCE\CURRENT\GeneratorExe\PELib_WORKED\PeLib\Release\PeHeader.obj
E:\DOCS!!!\MyProg\FREELANCE\CURRENT\GeneratorExe\PELib_WORKED\PeLib\Release\PeLibAux.obj
E:\DOCS!!!\MyProg\FREELANCE\CURRENT\GeneratorExe\PELib_WORKED\PeLib\Release\RelocationsDirectory.obj
E:\DOCS!!!\MyProg\FREELANCE\CURRENT\GeneratorExe\PELib_WORKED\PeLib\Release\ResourceDirectory.obj
E:\DOCS!!!\MyProg\FREELANCE\CURRENT\GeneratorExe\PELib_WORKED\PeLib\Release\vc100.pdb
E:\DOCS!!!\MyProg\FREELANCE\CURRENT\GeneratorExe\PELib_WORKED\Release\PeLib.lib
